# JRE version: OpenJDK Runtime Environment (21.0.4) (build 21.0.4+-12422083-b607.1)
# Java VM: OpenJDK 64-Bit Server VM (21.0.4+-12422083-b607.1, mixed mode, tiered, compressed oops, compressed class ptrs, g1 gc, linux-amd64)
GC Precious Log:
 CardTable entry size: 512
 Card Set container configuration: InlinePtr #cards 5 size 8 Array Of Cards #cards 12 size 40 Howl #buckets 4 coarsen threshold 1843 Howl Bitmap #cards 512 size 80 coarsen threshold 460 Card regions per heap region 1 cards per card region 2048
 CPUs: 12 total, 12 available
 Memory: 15388M
 Large Page Support: Disabled
 NUMA Support: Disabled
 Compressed Oops: Enabled (32-bit)
 Heap Region Size: 1M
 Heap Min Capacity: 8M
 Heap Initial Capacity: 242M
 Heap Max Capacity: 2G
 Pre-touch: Disabled
 Parallel Workers: 10
 Concurrent Workers: 3
 Concurrent Refinement Workers: 10
 Periodic GC: Disabled
Heap:
 garbage-first heap   total 68608K, used 43881K [0x0000000080000000, 0x0000000100000000)
  region size 1024K, 34 young (34816K), 9 survivors (9216K)
 Metaspace       used 25919K, committed 26368K, reserved 491520K
  class space    used 3160K, committed 3392K, reserved 425984K
GC Heap History (6 events):
Event: 0,311 GC heap before
{Heap before GC invocations=0 (full 0):
 garbage-first heap   total 247808K, used 26624K [0x0000000080000000, 0x0000000100000000)
  region size 1024K, 23 young (23552K), 0 survivors (0K)
 Metaspace       used 8817K, committed 8960K, reserved 491520K
  class space    used 815K, committed 896K, reserved 425984K
}
Event: 0,313 GC heap after
{Heap after GC invocations=1 (full 0):
 garbage-first heap   total 247808K, used 10059K [0x0000000080000000, 0x0000000100000000)
  region size 1024K, 3 young (3072K), 3 survivors (3072K)
 Metaspace       used 8817K, committed 8960K, reserved 491520K
  class space    used 815K, committed 896K, reserved 425984K
}
Event: 0,596 GC heap before
{Heap before GC invocations=1 (full 0):
 garbage-first heap   total 247808K, used 41803K [0x0000000080000000, 0x0000000100000000)
  region size 1024K, 34 young (34816K), 3 survivors (3072K)
 Metaspace       used 12164K, committed 12416K, reserved 491520K
  class space    used 1287K, committed 1408K, reserved 425984K
}
Event: 0,599 GC heap after
{Heap after GC invocations=2 (full 0):
 garbage-first heap   total 247808K, used 11859K [0x0000000080000000, 0x0000000100000000)
  region size 1024K, 2 young (2048K), 2 survivors (2048K)
 Metaspace       used 12164K, committed 12416K, reserved 491520K
  class space    used 1287K, committed 1408K, reserved 425984K
}
Event: 1,148 GC heap before
{Heap before GC invocations=2 (full 0):
 garbage-first heap   total 247808K, used 57939K [0x0000000080000000, 0x0000000100000000)
  region size 1024K, 46 young (47104K), 2 survivors (2048K)
 Metaspace       used 21185K, committed 21504K, reserved 491520K
  class space    used 2460K, committed 2624K, reserved 425984K
}
Event: 1,154 GC heap after
{Heap after GC invocations=3 (full 0):
 garbage-first heap   total 247808K, used 20329K [0x0000000080000000, 0x0000000100000000)
  region size 1024K, 9 young (9216K), 9 survivors (9216K)
 Metaspace       used 21185K, committed 21504K, reserved 491520K
  class space    used 2460K, committed 2624K, reserved 425984K
}

